Flow report for stringRecognizer
Fri Mar  9 21:31:29 2018
Quartus II 64-Bit Version 14.0.0 Build 200 06/17/2014 SJ Web Edition


---------------------
; Table of Contents ;
---------------------
  1. Legal Notice
  2. Flow Summary
  3. Flow Settings
  4. Flow Non-Default Global Settings
  5. Flow Elapsed Time
  6. Flow OS Summary
  7. Flow Log
  8. Flow Messages
  9. Flow Suppressed Messages



----------------
; Legal Notice ;
----------------
Copyright (C) 1991-2014 Altera Corporation. All rights reserved.
Your use of Altera Corporation's design tools, logic functions 
and other software and tools, and its AMPP partner logic 
functions, and any output files from any of the foregoing 
(including device programming or simulation files), and any 
associated documentation or information are expressly subject 
to the terms and conditions of the Altera Program License 
Subscription Agreement, the Altera Quartus II License Agreement,
the Altera MegaCore Function License Agreement, or other 
applicable license agreement, including, without limitation, 
that your use is for the sole purpose of programming logic 
devices manufactured by Altera and sold by Altera or its 
authorized distributors.  Please refer to the applicable 
agreement for further details.



+------------------------------------------------------------------------+
; Flow Summary                                                           ;
+---------------------------+--------------------------------------------+
; Flow Status               ; Successful - Fri Mar  9 21:31:29 2018      ;
; Quartus II 64-Bit Version ; 14.0.0 Build 200 06/17/2014 SJ Web Edition ;
; Revision Name             ; stringRecognizer                           ;
; Top-level Entity Name     ; TopLevel                                   ;
; Family                    ; MAX V                                      ;
; Device                    ; 5M1270ZT144C5                              ;
; Timing Models             ; Final                                      ;
; Total logic elements      ; 76 / 1,270 ( 6 % )                         ;
; Total pins                ; 5 / 114 ( 4 % )                            ;
; Total virtual pins        ; 0                                          ;
; UFM blocks                ; 0 / 1 ( 0 % )                              ;
+---------------------------+--------------------------------------------+


+-----------------------------------------+
; Flow Settings                           ;
+-------------------+---------------------+
; Option            ; Setting             ;
+-------------------+---------------------+
; Start date & time ; 03/09/2018 21:29:36 ;
; Main task         ; Compilation         ;
; Revision Name     ; stringRecognizer    ;
+-------------------+---------------------+


+--------------------------------------------------------------------------------------------------------------------------+
; Flow Non-Default Global Settings                                                                                         ;
+--------------------------------------+---------------------------------+------------------+-------------+----------------+
; Assignment Name                      ; Value                           ; Default Value    ; Entity Name ; Section Id     ;
+--------------------------------------+---------------------------------+------------------+-------------+----------------+
; COMPILER_SIGNATURE_ID                ; 180454973383328.152061117605690 ; --               ; --          ; --             ;
; EDA_DESIGN_INSTANCE_NAME             ; dut_instance                    ; --               ; --          ; Testbench      ;
; EDA_NATIVELINK_SIMULATION_TEST_BENCH ; Testbench                       ; --               ; --          ; eda_simulation ;
; EDA_OUTPUT_DATA_FORMAT               ; Vhdl                            ; --               ; --          ; eda_simulation ;
; EDA_SIMULATION_TOOL                  ; ModelSim-Altera (VHDL)          ; <None>           ; --          ; --             ;
; EDA_TEST_BENCH_ENABLE_STATUS         ; TEST_BENCH_MODE                 ; --               ; --          ; eda_simulation ;
; EDA_TEST_BENCH_FILE                  ; Testbench.vhd                   ; --               ; --          ; Testbench      ;
; EDA_TEST_BENCH_MODULE_NAME           ; Testbench                       ; --               ; --          ; Testbench      ;
; EDA_TEST_BENCH_NAME                  ; Testbench                       ; --               ; --          ; eda_simulation ;
; MAX_CORE_JUNCTION_TEMP               ; 85                              ; --               ; --          ; --             ;
; MIN_CORE_JUNCTION_TEMP               ; 0                               ; --               ; --          ; --             ;
; POWER_PRESET_COOLING_SOLUTION        ; No Heat Sink With Still Air     ; --               ; --          ; --             ;
; PROJECT_OUTPUT_DIRECTORY             ; output_files                    ; --               ; --          ; --             ;
; TOP_LEVEL_ENTITY                     ; TopLevel                        ; stringRecognizer ; --          ; --             ;
+--------------------------------------+---------------------------------+------------------+-------------+----------------+


+-------------------------------------------------------------------------------------------------------------------------------+
; Flow Elapsed Time                                                                                                             ;
+---------------------------+--------------+-------------------------+---------------------+------------------------------------+
; Module Name               ; Elapsed Time ; Average Processors Used ; Peak Virtual Memory ; Total CPU Time (on all processors) ;
+---------------------------+--------------+-------------------------+---------------------+------------------------------------+
; Analysis & Synthesis      ; 00:00:02     ; 1.0                     ; 780 MB              ; 00:00:02                           ;
; Fitter                    ; 00:00:02     ; 1.0                     ; 814 MB              ; 00:00:03                           ;
; Assembler                 ; 00:00:01     ; 1.0                     ; 657 MB              ; 00:00:01                           ;
; TimeQuest Timing Analyzer ; 00:00:02     ; 1.0                     ; 601 MB              ; 00:00:01                           ;
; EDA Netlist Writer        ; 00:00:00     ; 1.0                     ; 885 MB              ; 00:00:01                           ;
; Total                     ; 00:00:07     ; --                      ; --                  ; 00:00:08                           ;
+---------------------------+--------------+-------------------------+---------------------+------------------------------------+


+---------------------------------------------------------------------------------------------+
; Flow OS Summary                                                                             ;
+---------------------------+------------------+----------------+------------+----------------+
; Module Name               ; Machine Hostname ; OS Name        ; OS Version ; Processor type ;
+---------------------------+------------------+----------------+------------+----------------+
; Analysis & Synthesis      ; pclab-31         ; Ubuntu 12.04.5 ; 12         ; x86_64         ;
; Fitter                    ; pclab-31         ; Ubuntu 12.04.5 ; 12         ; x86_64         ;
; Assembler                 ; pclab-31         ; Ubuntu 12.04.5 ; 12         ; x86_64         ;
; TimeQuest Timing Analyzer ; pclab-31         ; Ubuntu 12.04.5 ; 12         ; x86_64         ;
; EDA Netlist Writer        ; pclab-31         ; Ubuntu 12.04.5 ; 12         ; x86_64         ;
+---------------------------+------------------+----------------+------------+----------------+


------------
; Flow Log ;
------------
quartus_map --read_settings_files=on --write_settings_files=off stringRecognizer -c stringRecognizer
quartus_fit --read_settings_files=off --write_settings_files=off stringRecognizer -c stringRecognizer
quartus_asm --read_settings_files=off --write_settings_files=off stringRecognizer -c stringRecognizer
quartus_sta stringRecognizer -c stringRecognizer
quartus_eda --read_settings_files=off --write_settings_files=off stringRecognizer -c stringRecognizer



