Analysis & Synthesis report for alu
Thu Feb 15 17:34:33 2018
Quartus II 32-bit Version 12.0 Build 178 05/31/2012 SJ Web Edition


---------------------
; Table of Contents ;
---------------------
  1. Legal Notice
  2. Analysis & Synthesis Summary
  3. Analysis & Synthesis Settings
  4. Parallel Compilation
  5. Analysis & Synthesis Source Files Read
  6. Analysis & Synthesis Resource Usage Summary
  7. Analysis & Synthesis Resource Utilization by Entity
  8. State Machine - |TopLevel|Scan_Chain:scan_instance|current_state
  9. General Register Statistics
 10. Multiplexer Restructuring Statistics (Restructuring Performed)
 11. Parameter Settings for User Entity Instance: Scan_Chain:scan_instance
 12. Parameter Settings for User Entity Instance: Scan_Chain:scan_instance|Scan_Reg:In_Reg
 13. Parameter Settings for User Entity Instance: Scan_Chain:scan_instance|Scan_Reg:Out_Reg
 14. Port Connectivity Checks: "alu:dut|Subtractor:d|eightbit:add1"
 15. Port Connectivity Checks: "alu:dut|Subtractor:d"
 16. Port Connectivity Checks: "alu:dut|shift_right:c|MUX:mux_11"
 17. Port Connectivity Checks: "alu:dut|shift_right:c|MUX:mux_10"
 18. Port Connectivity Checks: "alu:dut|shift_right:c|MUX:mux_9"
 19. Port Connectivity Checks: "alu:dut|shift_right:c|MUX:mux_8"
 20. Port Connectivity Checks: "alu:dut|shift_right:c|MUX:mux_7"
 21. Port Connectivity Checks: "alu:dut|shift_left:b|MUX:mux_11"
 22. Port Connectivity Checks: "alu:dut|shift_left:b|MUX:mux_10"
 23. Port Connectivity Checks: "alu:dut|shift_left:b|MUX:mux_9"
 24. Port Connectivity Checks: "alu:dut|shift_left:b|MUX:mux_8"
 25. Port Connectivity Checks: "alu:dut|shift_left:b|MUX:mux_7"
 26. Port Connectivity Checks: "alu:dut|eightbit:a"
 27. Port Connectivity Checks: "Scan_Chain:scan_instance|Scan_Reg:Out_Reg"
 28. Port Connectivity Checks: "Scan_Chain:scan_instance|Scan_Reg:In_Reg"
 29. Analysis & Synthesis Messages



----------------
; Legal Notice ;
----------------
Copyright (C) 1991-2012 Altera Corporation
Your use of Altera Corporation's design tools, logic functions 
and other software and tools, and its AMPP partner logic 
functions, and any output files from any of the foregoing 
(including device programming or simulation files), and any 
associated documentation or information are expressly subject 
to the terms and conditions of the Altera Program License 
Subscription Agreement, Altera MegaCore Function License 
Agreement, or other applicable license agreement, including, 
without limitation, that your use is for the sole purpose of 
programming logic devices manufactured by Altera and sold by 
Altera or its authorized distributors.  Please refer to the 
applicable agreement for further details.



+------------------------------------------------------------------------+
; Analysis & Synthesis Summary                                           ;
+-----------------------------+------------------------------------------+
; Analysis & Synthesis Status ; Successful - Thu Feb 15 17:34:33 2018    ;
; Quartus II 32-bit Version   ; 12.0 Build 178 05/31/2012 SJ Web Edition ;
; Revision Name               ; alu                                      ;
; Top-level Entity Name       ; TopLevel                                 ;
; Family                      ; MAX V                                    ;
; Total logic elements        ; 166                                      ;
; Total pins                  ; 5                                        ;
; Total virtual pins          ; 0                                        ;
; UFM blocks                  ; 0 / 1 ( 0 % )                            ;
+-----------------------------+------------------------------------------+


+----------------------------------------------------------------------------------------------------------------------+
; Analysis & Synthesis Settings                                                                                        ;
+----------------------------------------------------------------------------+--------------------+--------------------+
; Option                                                                     ; Setting            ; Default Value      ;
+----------------------------------------------------------------------------+--------------------+--------------------+
; Device                                                                     ; 5M1270ZT144C5      ;                    ;
; Top-level entity name                                                      ; TopLevel           ; alu                ;
; Family name                                                                ; MAX V              ; Cyclone IV GX      ;
; Use smart compilation                                                      ; Off                ; Off                ;
; Enable parallel Assembler and TimeQuest Timing Analyzer during compilation ; On                 ; On                 ;
; Enable compact report table                                                ; Off                ; Off                ;
; Restructure Multiplexers                                                   ; Auto               ; Auto               ;
; Create Debugging Nodes for IP Cores                                        ; Off                ; Off                ;
; Preserve fewer node names                                                  ; On                 ; On                 ;
; Disable OpenCore Plus hardware evaluation                                  ; Off                ; Off                ;
; Verilog Version                                                            ; Verilog_2001       ; Verilog_2001       ;
; VHDL Version                                                               ; VHDL_1993          ; VHDL_1993          ;
; State Machine Processing                                                   ; Auto               ; Auto               ;
; Safe State Machine                                                         ; Off                ; Off                ;
; Extract Verilog State Machines                                             ; On                 ; On                 ;
; Extract VHDL State Machines                                                ; On                 ; On                 ;
; Ignore Verilog initial constructs                                          ; Off                ; Off                ;
; Iteration limit for constant Verilog loops                                 ; 5000               ; 5000               ;
; Iteration limit for non-constant Verilog loops                             ; 250                ; 250                ;
; Add Pass-Through Logic to Inferred RAMs                                    ; On                 ; On                 ;
; Infer RAMs from Raw Logic                                                  ; On                 ; On                 ;
; Parallel Synthesis                                                         ; On                 ; On                 ;
; NOT Gate Push-Back                                                         ; On                 ; On                 ;
; Power-Up Don't Care                                                        ; On                 ; On                 ;
; Remove Redundant Logic Cells                                               ; Off                ; Off                ;
; Remove Duplicate Registers                                                 ; On                 ; On                 ;
; Ignore CARRY Buffers                                                       ; Off                ; Off                ;
; Ignore CASCADE Buffers                                                     ; Off                ; Off                ;
; Ignore GLOBAL Buffers                                                      ; Off                ; Off                ;
; Ignore ROW GLOBAL Buffers                                                  ; Off                ; Off                ;
; Ignore LCELL Buffers                                                       ; Off                ; Off                ;
; Ignore SOFT Buffers                                                        ; On                 ; On                 ;
; Limit AHDL Integers to 32 Bits                                             ; Off                ; Off                ;
; Optimization Technique                                                     ; Balanced           ; Balanced           ;
; Carry Chain Length                                                         ; 70                 ; 70                 ;
; Auto Carry Chains                                                          ; On                 ; On                 ;
; Auto Open-Drain Pins                                                       ; On                 ; On                 ;
; Perform WYSIWYG Primitive Resynthesis                                      ; Off                ; Off                ;
; Auto Shift Register Replacement                                            ; Auto               ; Auto               ;
; Allow Shift Register Merging across Hierarchies                            ; Auto               ; Auto               ;
; Auto Clock Enable Replacement                                              ; On                 ; On                 ;
; Allow Synchronous Control Signals                                          ; On                 ; On                 ;
; Force Use of Synchronous Clear Signals                                     ; Off                ; Off                ;
; Auto Resource Sharing                                                      ; Off                ; Off                ;
; Use LogicLock Constraints during Resource Balancing                        ; On                 ; On                 ;
; Ignore translate_off and synthesis_off directives                          ; Off                ; Off                ;
; Report Parameter Settings                                                  ; On                 ; On                 ;
; Report Source Assignments                                                  ; On                 ; On                 ;
; Report Connectivity Checks                                                 ; On                 ; On                 ;
; Ignore Maximum Fan-Out Assignments                                         ; Off                ; Off                ;
; Synchronization Register Chain Length                                      ; 2                  ; 2                  ;
; PowerPlay Power Optimization                                               ; Normal compilation ; Normal compilation ;
; HDL message level                                                          ; Level2             ; Level2             ;
; Suppress Register Optimization Related Messages                            ; Off                ; Off                ;
; Number of Removed Registers Reported in Synthesis Report                   ; 5000               ; 5000               ;
; Number of Swept Nodes Reported in Synthesis Report                         ; 5000               ; 5000               ;
; Number of Inverted Registers Reported in Synthesis Report                  ; 100                ; 100                ;
; Clock MUX Protection                                                       ; On                 ; On                 ;
; Block Design Naming                                                        ; Auto               ; Auto               ;
; Synthesis Effort                                                           ; Auto               ; Auto               ;
; Shift Register Replacement - Allow Asynchronous Clear Signal               ; On                 ; On                 ;
; Analysis & Synthesis Message Level                                         ; Medium             ; Medium             ;
; Disable Register Merging Across Hierarchies                                ; Auto               ; Auto               ;
; Synthesis Seed                                                             ; 1                  ; 1                  ;
+----------------------------------------------------------------------------+--------------------+--------------------+


Parallel compilation was disabled, but you have multiple processors available. Enable parallel compilation to reduce compilation time.
+-------------------------------------+
; Parallel Compilation                ;
+----------------------------+--------+
; Processors                 ; Number ;
+----------------------------+--------+
; Number detected on machine ; 4      ;
; Maximum allowed            ; 1      ;
+----------------------------+--------+


+--------------------------------------------------------------------------------------------------------------------------------+
; Analysis & Synthesis Source Files Read                                                                                         ;
+----------------------------------+-----------------+-----------------+-----------------------------------------------+---------+
; File Name with User-Entered Path ; Used in Netlist ; File Type       ; File Name with Absolute Path                  ; Library ;
+----------------------------------+-----------------+-----------------+-----------------------------------------------+---------+
; TopLevel.vhdl                    ; yes             ; User VHDL File  ; /home/student/16d070044/final/TopLevel.vhdl   ;         ;
; scan_chain.vhdl                  ; yes             ; User VHDL File  ; /home/student/16d070044/final/scan_chain.vhdl ;         ;
; scan_reg.vhdl                    ; yes             ; User VHDL File  ; /home/student/16d070044/final/scan_reg.vhdl   ;         ;
; alu.vhd                          ; yes             ; User VHDL File  ; /home/student/16d070044/final/alu.vhd         ;         ;
+----------------------------------+-----------------+-----------------+-----------------------------------------------+---------+


+-----------------------------------------------------+
; Analysis & Synthesis Resource Usage Summary         ;
+---------------------------------------------+-------+
; Resource                                    ; Usage ;
+---------------------------------------------+-------+
; Total logic elements                        ; 166   ;
;     -- Combinational with no register       ; 117   ;
;     -- Register only                        ; 1     ;
;     -- Combinational with a register        ; 48    ;
;                                             ;       ;
; Logic element usage by number of LUT inputs ;       ;
;     -- 4 input functions                    ; 100   ;
;     -- 3 input functions                    ; 32    ;
;     -- 2 input functions                    ; 33    ;
;     -- 1 input functions                    ; 0     ;
;     -- 0 input functions                    ; 0     ;
;                                             ;       ;
; Logic elements by mode                      ;       ;
;     -- normal mode                          ; 166   ;
;     -- arithmetic mode                      ; 0     ;
;     -- qfbk mode                            ; 0     ;
;     -- register cascade mode                ; 0     ;
;     -- synchronous clear/load mode          ; 8     ;
;     -- asynchronous clear/load mode         ; 5     ;
;                                             ;       ;
; Total registers                             ; 49    ;
; I/O pins                                    ; 5     ;
; Maximum fan-out node                        ; TRST  ;
; Maximum fan-out                             ; 120   ;
; Total fan-out                               ; 661   ;
; Average fan-out                             ; 3.87  ;
+---------------------------------------------+-------+


+--------------------------------------------------------------------------------------------------------------------------------------------------------------------------------------------------------------------------------------------------------------------------+
; Analysis & Synthesis Resource Utilization by Entity                                                                                                                                                                                                                      ;
+-----------------------------------+-------------+--------------+------------+------+--------------+--------------+-------------------+------------------+-----------------+------------+------------------------------------------------------------------+--------------+
; Compilation Hierarchy Node        ; Logic Cells ; LC Registers ; UFM Blocks ; Pins ; Virtual Pins ; LUT-Only LCs ; Register-Only LCs ; LUT/Register LCs ; Carry Chain LCs ; Packed LCs ; Full Hierarchy Name                                              ; Library Name ;
+-----------------------------------+-------------+--------------+------------+------+--------------+--------------+-------------------+------------------+-----------------+------------+------------------------------------------------------------------+--------------+
; |TopLevel                         ; 166 (0)     ; 49           ; 0          ; 5    ; 0            ; 117 (0)      ; 1 (0)             ; 48 (0)           ; 0 (0)           ; 0 (0)      ; |TopLevel                                                        ; work         ;
;    |Scan_Chain:scan_instance|     ; 84 (7)      ; 49           ; 0          ; 0    ; 0            ; 35 (2)       ; 1 (1)             ; 48 (4)           ; 0 (0)           ; 0 (0)      ; |TopLevel|Scan_Chain:scan_instance                               ; work         ;
;       |Scan_Reg:In_Reg|           ; 48 (48)     ; 36           ; 0          ; 0    ; 0            ; 12 (12)      ; 0 (0)             ; 36 (36)          ; 0 (0)           ; 0 (0)      ; |TopLevel|Scan_Chain:scan_instance|Scan_Reg:In_Reg               ; work         ;
;       |Scan_Reg:Out_Reg|          ; 29 (29)     ; 8            ; 0          ; 0    ; 0            ; 21 (21)      ; 0 (0)             ; 8 (8)            ; 0 (0)           ; 0 (0)      ; |TopLevel|Scan_Chain:scan_instance|Scan_Reg:Out_Reg              ; work         ;
;    |alu:dut|                      ; 82 (0)      ; 0            ; 0          ; 0    ; 0            ; 82 (0)       ; 0 (0)             ; 0 (0)            ; 0 (0)           ; 0 (0)      ; |TopLevel|alu:dut                                                ; work         ;
;       |Subtractor:d|              ; 12 (0)      ; 0            ; 0          ; 0    ; 0            ; 12 (0)       ; 0 (0)             ; 0 (0)            ; 0 (0)           ; 0 (0)      ; |TopLevel|alu:dut|Subtractor:d                                   ; work         ;
;          |eightbit:add1|          ; 12 (0)      ; 0            ; 0          ; 0    ; 0            ; 12 (0)       ; 0 (0)             ; 0 (0)            ; 0 (0)           ; 0 (0)      ; |TopLevel|alu:dut|Subtractor:d|eightbit:add1                     ; work         ;
;             |onebit_fulladder:x2| ; 2 (2)       ; 0            ; 0          ; 0    ; 0            ; 2 (2)        ; 0 (0)             ; 0 (0)            ; 0 (0)           ; 0 (0)      ; |TopLevel|alu:dut|Subtractor:d|eightbit:add1|onebit_fulladder:x2 ; work         ;
;             |onebit_fulladder:x3| ; 1 (1)       ; 0            ; 0          ; 0    ; 0            ; 1 (1)        ; 0 (0)             ; 0 (0)            ; 0 (0)           ; 0 (0)      ; |TopLevel|alu:dut|Subtractor:d|eightbit:add1|onebit_fulladder:x3 ; work         ;
;             |onebit_fulladder:x4| ; 2 (2)       ; 0            ; 0          ; 0    ; 0            ; 2 (2)        ; 0 (0)             ; 0 (0)            ; 0 (0)           ; 0 (0)      ; |TopLevel|alu:dut|Subtractor:d|eightbit:add1|onebit_fulladder:x4 ; work         ;
;             |onebit_fulladder:x5| ; 2 (2)       ; 0            ; 0          ; 0    ; 0            ; 2 (2)        ; 0 (0)             ; 0 (0)            ; 0 (0)           ; 0 (0)      ; |TopLevel|alu:dut|Subtractor:d|eightbit:add1|onebit_fulladder:x5 ; work         ;
;             |onebit_fulladder:x6| ; 2 (2)       ; 0            ; 0          ; 0    ; 0            ; 2 (2)        ; 0 (0)             ; 0 (0)            ; 0 (0)           ; 0 (0)      ; |TopLevel|alu:dut|Subtractor:d|eightbit:add1|onebit_fulladder:x6 ; work         ;
;             |onebit_fulladder:x7| ; 1 (1)       ; 0            ; 0          ; 0    ; 0            ; 1 (1)        ; 0 (0)             ; 0 (0)            ; 0 (0)           ; 0 (0)      ; |TopLevel|alu:dut|Subtractor:d|eightbit:add1|onebit_fulladder:x7 ; work         ;
;             |onebit_fulladder:x8| ; 2 (2)       ; 0            ; 0          ; 0    ; 0            ; 2 (2)        ; 0 (0)             ; 0 (0)            ; 0 (0)           ; 0 (0)      ; |TopLevel|alu:dut|Subtractor:d|eightbit:add1|onebit_fulladder:x8 ; work         ;
;       |eightbit:a|                ; 14 (0)      ; 0            ; 0          ; 0    ; 0            ; 14 (0)       ; 0 (0)             ; 0 (0)            ; 0 (0)           ; 0 (0)      ; |TopLevel|alu:dut|eightbit:a                                     ; work         ;
;          |onebit_fulladder:x1|    ; 2 (2)       ; 0            ; 0          ; 0    ; 0            ; 2 (2)        ; 0 (0)             ; 0 (0)            ; 0 (0)           ; 0 (0)      ; |TopLevel|alu:dut|eightbit:a|onebit_fulladder:x1                 ; work         ;
;          |onebit_fulladder:x2|    ; 2 (2)       ; 0            ; 0          ; 0    ; 0            ; 2 (2)        ; 0 (0)             ; 0 (0)            ; 0 (0)           ; 0 (0)      ; |TopLevel|alu:dut|eightbit:a|onebit_fulladder:x2                 ; work         ;
;          |onebit_fulladder:x3|    ; 1 (1)       ; 0            ; 0          ; 0    ; 0            ; 1 (1)        ; 0 (0)             ; 0 (0)            ; 0 (0)           ; 0 (0)      ; |TopLevel|alu:dut|eightbit:a|onebit_fulladder:x3                 ; work         ;
;          |onebit_fulladder:x4|    ; 2 (2)       ; 0            ; 0          ; 0    ; 0            ; 2 (2)        ; 0 (0)             ; 0 (0)            ; 0 (0)           ; 0 (0)      ; |TopLevel|alu:dut|eightbit:a|onebit_fulladder:x4                 ; work         ;
;          |onebit_fulladder:x5|    ; 2 (2)       ; 0            ; 0          ; 0    ; 0            ; 2 (2)        ; 0 (0)             ; 0 (0)            ; 0 (0)           ; 0 (0)      ; |TopLevel|alu:dut|eightbit:a|onebit_fulladder:x5                 ; work         ;
;          |onebit_fulladder:x6|    ; 2 (2)       ; 0            ; 0          ; 0    ; 0            ; 2 (2)        ; 0 (0)             ; 0 (0)            ; 0 (0)           ; 0 (0)      ; |TopLevel|alu:dut|eightbit:a|onebit_fulladder:x6                 ; work         ;
;          |onebit_fulladder:x7|    ; 1 (1)       ; 0            ; 0          ; 0    ; 0            ; 1 (1)        ; 0 (0)             ; 0 (0)            ; 0 (0)           ; 0 (0)      ; |TopLevel|alu:dut|eightbit:a|onebit_fulladder:x7                 ; work         ;
;          |onebit_fulladder:x8|    ; 2 (2)       ; 0            ; 0          ; 0    ; 0            ; 2 (2)        ; 0 (0)             ; 0 (0)            ; 0 (0)           ; 0 (0)      ; |TopLevel|alu:dut|eightbit:a|onebit_fulladder:x8                 ; work         ;
;       |shift_left:b|              ; 29 (0)      ; 0            ; 0          ; 0    ; 0            ; 29 (0)       ; 0 (0)             ; 0 (0)            ; 0 (0)           ; 0 (0)      ; |TopLevel|alu:dut|shift_left:b                                   ; work         ;
;          |MUX:mux_11|             ; 12 (0)      ; 0            ; 0          ; 0    ; 0            ; 12 (0)       ; 0 (0)             ; 0 (0)            ; 0 (0)           ; 0 (0)      ; |TopLevel|alu:dut|shift_left:b|MUX:mux_11                        ; work         ;
;             |MUX_bit:X2|          ; 1 (1)       ; 0            ; 0          ; 0    ; 0            ; 1 (1)        ; 0 (0)             ; 0 (0)            ; 0 (0)           ; 0 (0)      ; |TopLevel|alu:dut|shift_left:b|MUX:mux_11|MUX_bit:X2             ; work         ;
;             |MUX_bit:X3|          ; 2 (2)       ; 0            ; 0          ; 0    ; 0            ; 2 (2)        ; 0 (0)             ; 0 (0)            ; 0 (0)           ; 0 (0)      ; |TopLevel|alu:dut|shift_left:b|MUX:mux_11|MUX_bit:X3             ; work         ;
;             |MUX_bit:X4|          ; 2 (2)       ; 0            ; 0          ; 0    ; 0            ; 2 (2)        ; 0 (0)             ; 0 (0)            ; 0 (0)           ; 0 (0)      ; |TopLevel|alu:dut|shift_left:b|MUX:mux_11|MUX_bit:X4             ; work         ;
;             |MUX_bit:X5|          ; 2 (2)       ; 0            ; 0          ; 0    ; 0            ; 2 (2)        ; 0 (0)             ; 0 (0)            ; 0 (0)           ; 0 (0)      ; |TopLevel|alu:dut|shift_left:b|MUX:mux_11|MUX_bit:X5             ; work         ;
;             |MUX_bit:X6|          ; 1 (1)       ; 0            ; 0          ; 0    ; 0            ; 1 (1)        ; 0 (0)             ; 0 (0)            ; 0 (0)           ; 0 (0)      ; |TopLevel|alu:dut|shift_left:b|MUX:mux_11|MUX_bit:X6             ; work         ;
;             |MUX_bit:X7|          ; 1 (1)       ; 0            ; 0          ; 0    ; 0            ; 1 (1)        ; 0 (0)             ; 0 (0)            ; 0 (0)           ; 0 (0)      ; |TopLevel|alu:dut|shift_left:b|MUX:mux_11|MUX_bit:X7             ; work         ;
;             |MUX_bit:X8|          ; 3 (3)       ; 0            ; 0          ; 0    ; 0            ; 3 (3)        ; 0 (0)             ; 0 (0)            ; 0 (0)           ; 0 (0)      ; |TopLevel|alu:dut|shift_left:b|MUX:mux_11|MUX_bit:X8             ; work         ;
;          |MUX:mux_12|             ; 9 (0)       ; 0            ; 0          ; 0    ; 0            ; 9 (0)        ; 0 (0)             ; 0 (0)            ; 0 (0)           ; 0 (0)      ; |TopLevel|alu:dut|shift_left:b|MUX:mux_12                        ; work         ;
;             |MUX_bit:X5|          ; 4 (4)       ; 0            ; 0          ; 0    ; 0            ; 4 (4)        ; 0 (0)             ; 0 (0)            ; 0 (0)           ; 0 (0)      ; |TopLevel|alu:dut|shift_left:b|MUX:mux_12|MUX_bit:X5             ; work         ;
;             |MUX_bit:X6|          ; 3 (3)       ; 0            ; 0          ; 0    ; 0            ; 3 (3)        ; 0 (0)             ; 0 (0)            ; 0 (0)           ; 0 (0)      ; |TopLevel|alu:dut|shift_left:b|MUX:mux_12|MUX_bit:X6             ; work         ;
;             |MUX_bit:X7|          ; 2 (2)       ; 0            ; 0          ; 0    ; 0            ; 2 (2)        ; 0 (0)             ; 0 (0)            ; 0 (0)           ; 0 (0)      ; |TopLevel|alu:dut|shift_left:b|MUX:mux_12|MUX_bit:X7             ; work         ;
;          |MUX:mux_1|              ; 4 (0)       ; 0            ; 0          ; 0    ; 0            ; 4 (0)        ; 0 (0)             ; 0 (0)            ; 0 (0)           ; 0 (0)      ; |TopLevel|alu:dut|shift_left:b|MUX:mux_1                         ; work         ;
;             |MUX_bit:X2|          ; 1 (1)       ; 0            ; 0          ; 0    ; 0            ; 1 (1)        ; 0 (0)             ; 0 (0)            ; 0 (0)           ; 0 (0)      ; |TopLevel|alu:dut|shift_left:b|MUX:mux_1|MUX_bit:X2              ; work         ;
;             |MUX_bit:X5|          ; 2 (2)       ; 0            ; 0          ; 0    ; 0            ; 2 (2)        ; 0 (0)             ; 0 (0)            ; 0 (0)           ; 0 (0)      ; |TopLevel|alu:dut|shift_left:b|MUX:mux_1|MUX_bit:X5              ; work         ;
;             |MUX_bit:X6|          ; 1 (1)       ; 0            ; 0          ; 0    ; 0            ; 1 (1)        ; 0 (0)             ; 0 (0)            ; 0 (0)           ; 0 (0)      ; |TopLevel|alu:dut|shift_left:b|MUX:mux_1|MUX_bit:X6              ; work         ;
;          |MUX:mux_3|              ; 4 (0)       ; 0            ; 0          ; 0    ; 0            ; 4 (0)        ; 0 (0)             ; 0 (0)            ; 0 (0)           ; 0 (0)      ; |TopLevel|alu:dut|shift_left:b|MUX:mux_3                         ; work         ;
;             |MUX_bit:X3|          ; 3 (3)       ; 0            ; 0          ; 0    ; 0            ; 3 (3)        ; 0 (0)             ; 0 (0)            ; 0 (0)           ; 0 (0)      ; |TopLevel|alu:dut|shift_left:b|MUX:mux_3|MUX_bit:X3              ; work         ;
;             |MUX_bit:X4|          ; 1 (1)       ; 0            ; 0          ; 0    ; 0            ; 1 (1)        ; 0 (0)             ; 0 (0)            ; 0 (0)           ; 0 (0)      ; |TopLevel|alu:dut|shift_left:b|MUX:mux_3|MUX_bit:X4              ; work         ;
;       |shift_right:c|             ; 27 (0)      ; 0            ; 0          ; 0    ; 0            ; 27 (0)       ; 0 (0)             ; 0 (0)            ; 0 (0)           ; 0 (0)      ; |TopLevel|alu:dut|shift_right:c                                  ; work         ;
;          |MUX:mux_11|             ; 11 (0)      ; 0            ; 0          ; 0    ; 0            ; 11 (0)       ; 0 (0)             ; 0 (0)            ; 0 (0)           ; 0 (0)      ; |TopLevel|alu:dut|shift_right:c|MUX:mux_11                       ; work         ;
;             |MUX_bit:X2|          ; 4 (4)       ; 0            ; 0          ; 0    ; 0            ; 4 (4)        ; 0 (0)             ; 0 (0)            ; 0 (0)           ; 0 (0)      ; |TopLevel|alu:dut|shift_right:c|MUX:mux_11|MUX_bit:X2            ; work         ;
;             |MUX_bit:X3|          ; 1 (1)       ; 0            ; 0          ; 0    ; 0            ; 1 (1)        ; 0 (0)             ; 0 (0)            ; 0 (0)           ; 0 (0)      ; |TopLevel|alu:dut|shift_right:c|MUX:mux_11|MUX_bit:X3            ; work         ;
;             |MUX_bit:X4|          ; 1 (1)       ; 0            ; 0          ; 0    ; 0            ; 1 (1)        ; 0 (0)             ; 0 (0)            ; 0 (0)           ; 0 (0)      ; |TopLevel|alu:dut|shift_right:c|MUX:mux_11|MUX_bit:X4            ; work         ;
;             |MUX_bit:X5|          ; 1 (1)       ; 0            ; 0          ; 0    ; 0            ; 1 (1)        ; 0 (0)             ; 0 (0)            ; 0 (0)           ; 0 (0)      ; |TopLevel|alu:dut|shift_right:c|MUX:mux_11|MUX_bit:X5            ; work         ;
;             |MUX_bit:X6|          ; 1 (1)       ; 0            ; 0          ; 0    ; 0            ; 1 (1)        ; 0 (0)             ; 0 (0)            ; 0 (0)           ; 0 (0)      ; |TopLevel|alu:dut|shift_right:c|MUX:mux_11|MUX_bit:X6            ; work         ;
;             |MUX_bit:X7|          ; 1 (1)       ; 0            ; 0          ; 0    ; 0            ; 1 (1)        ; 0 (0)             ; 0 (0)            ; 0 (0)           ; 0 (0)      ; |TopLevel|alu:dut|shift_right:c|MUX:mux_11|MUX_bit:X7            ; work         ;
;             |MUX_bit:X8|          ; 2 (2)       ; 0            ; 0          ; 0    ; 0            ; 2 (2)        ; 0 (0)             ; 0 (0)            ; 0 (0)           ; 0 (0)      ; |TopLevel|alu:dut|shift_right:c|MUX:mux_11|MUX_bit:X8            ; work         ;
;          |MUX:mux_12|             ; 11 (0)      ; 0            ; 0          ; 0    ; 0            ; 11 (0)       ; 0 (0)             ; 0 (0)            ; 0 (0)           ; 0 (0)      ; |TopLevel|alu:dut|shift_right:c|MUX:mux_12                       ; work         ;
;             |MUX_bit:X1|          ; 4 (4)       ; 0            ; 0          ; 0    ; 0            ; 4 (4)        ; 0 (0)             ; 0 (0)            ; 0 (0)           ; 0 (0)      ; |TopLevel|alu:dut|shift_right:c|MUX:mux_12|MUX_bit:X1            ; work         ;
;             |MUX_bit:X3|          ; 4 (4)       ; 0            ; 0          ; 0    ; 0            ; 4 (4)        ; 0 (0)             ; 0 (0)            ; 0 (0)           ; 0 (0)      ; |TopLevel|alu:dut|shift_right:c|MUX:mux_12|MUX_bit:X3            ; work         ;
;             |MUX_bit:X4|          ; 3 (3)       ; 0            ; 0          ; 0    ; 0            ; 3 (3)        ; 0 (0)             ; 0 (0)            ; 0 (0)           ; 0 (0)      ; |TopLevel|alu:dut|shift_right:c|MUX:mux_12|MUX_bit:X4            ; work         ;
;          |MUX:mux_1|              ; 2 (0)       ; 0            ; 0          ; 0    ; 0            ; 2 (0)        ; 0 (0)             ; 0 (0)            ; 0 (0)           ; 0 (0)      ; |TopLevel|alu:dut|shift_right:c|MUX:mux_1                        ; work         ;
;             |MUX_bit:X3|          ; 1 (1)       ; 0            ; 0          ; 0    ; 0            ; 1 (1)        ; 0 (0)             ; 0 (0)            ; 0 (0)           ; 0 (0)      ; |TopLevel|alu:dut|shift_right:c|MUX:mux_1|MUX_bit:X3             ; work         ;
;             |MUX_bit:X7|          ; 1 (1)       ; 0            ; 0          ; 0    ; 0            ; 1 (1)        ; 0 (0)             ; 0 (0)            ; 0 (0)           ; 0 (0)      ; |TopLevel|alu:dut|shift_right:c|MUX:mux_1|MUX_bit:X7             ; work         ;
;          |MUX:mux_3|              ; 3 (0)       ; 0            ; 0          ; 0    ; 0            ; 3 (0)        ; 0 (0)             ; 0 (0)            ; 0 (0)           ; 0 (0)      ; |TopLevel|alu:dut|shift_right:c|MUX:mux_3                        ; work         ;
;             |MUX_bit:X5|          ; 1 (1)       ; 0            ; 0          ; 0    ; 0            ; 1 (1)        ; 0 (0)             ; 0 (0)            ; 0 (0)           ; 0 (0)      ; |TopLevel|alu:dut|shift_right:c|MUX:mux_3|MUX_bit:X5             ; work         ;
;             |MUX_bit:X6|          ; 2 (2)       ; 0            ; 0          ; 0    ; 0            ; 2 (2)        ; 0 (0)             ; 0 (0)            ; 0 (0)           ; 0 (0)      ; |TopLevel|alu:dut|shift_right:c|MUX:mux_3|MUX_bit:X6             ; work         ;
+-----------------------------------+-------------+--------------+------------+------+--------------+--------------+-------------------+------------------+-----------------+------------+------------------------------------------------------------------+--------------+
Note: For table entries with two numbers listed, the numbers in parentheses indicate the number of resources of the given type used by the specific entity alone. The numbers listed outside of parentheses indicate the total resources of the given type used by the specific entity and all of its sub-entities in the hierarchy.


Encoding Type:  One-Hot
+------------------------------------------------------------------------------------------------------------------------------------------------+
; State Machine - |TopLevel|Scan_Chain:scan_instance|current_state                                                                               ;
+-------------------------+------------------------+-----------------------+-------------------------+--------------------+----------------------+
; Name                    ; current_state.s_update ; current_state.s_shift ; current_state.s_capture ; current_state.s_DR ; current_state.s_idle ;
+-------------------------+------------------------+-----------------------+-------------------------+--------------------+----------------------+
; current_state.s_idle    ; 0                      ; 0                     ; 0                       ; 0                  ; 0                    ;
; current_state.s_DR      ; 0                      ; 0                     ; 0                       ; 1                  ; 1                    ;
; current_state.s_capture ; 0                      ; 0                     ; 1                       ; 0                  ; 1                    ;
; current_state.s_shift   ; 0                      ; 1                     ; 0                       ; 0                  ; 1                    ;
; current_state.s_update  ; 1                      ; 0                     ; 0                       ; 0                  ; 1                    ;
+-------------------------+------------------------+-----------------------+-------------------------+--------------------+----------------------+


+------------------------------------------------------+
; General Register Statistics                          ;
+----------------------------------------------+-------+
; Statistic                                    ; Value ;
+----------------------------------------------+-------+
; Total registers                              ; 49    ;
; Number of registers using Synchronous Clear  ; 8     ;
; Number of registers using Synchronous Load   ; 0     ;
; Number of registers using Asynchronous Clear ; 5     ;
; Number of registers using Asynchronous Load  ; 0     ;
; Number of registers using Clock Enable       ; 48    ;
; Number of registers using Preset             ; 0     ;
+----------------------------------------------+-------+


+-----------------------------------------------------------------------------------------------------------------------------------------------------------------------------------------+
; Multiplexer Restructuring Statistics (Restructuring Performed)                                                                                                                          ;
+--------------------+-----------+---------------+----------------------+------------------------+-----------------------------------------------------------+----------------------------+
; Multiplexer Inputs ; Bus Width ; Baseline Area ; Area if Restructured ; Saving if Restructured ; Registered                                                ; Example Multiplexer Output ;
+--------------------+-----------+---------------+----------------------+------------------------+-----------------------------------------------------------+----------------------------+
; 3:1                ; 18 bits   ; 36 LEs        ; 18 LEs               ; 18 LEs                 ; |TopLevel|Scan_Chain:scan_instance|Scan_Reg:In_Reg|L2[9]  ;                            ;
; 4:1                ; 18 bits   ; 36 LEs        ; 18 LEs               ; 18 LEs                 ; |TopLevel|Scan_Chain:scan_instance|Scan_Reg:In_Reg|L1[17] ;                            ;
; 7:1                ; 7 bits    ; 28 LEs        ; 28 LEs               ; 0 LEs                  ; |TopLevel|Scan_Chain:scan_instance|Scan_Reg:Out_Reg|L1[7] ;                            ;
; 3:1                ; 4 bits    ; 8 LEs         ; 8 LEs                ; 0 LEs                  ; |TopLevel|alu:dut|shift_left:b|MUX:mux_12|MUX_bit:X5|c0   ;                            ;
; 4:1                ; 4 bits    ; 8 LEs         ; 8 LEs                ; 0 LEs                  ; |TopLevel|alu:dut|shift_right:c|MUX:mux_12|MUX_bit:X1|c0  ;                            ;
+--------------------+-----------+---------------+----------------------+------------------------+-----------------------------------------------------------+----------------------------+


+-----------------------------------------------------------------------+
; Parameter Settings for User Entity Instance: Scan_Chain:scan_instance ;
+----------------+-------+----------------------------------------------+
; Parameter Name ; Value ; Type                                         ;
+----------------+-------+----------------------------------------------+
; in_pins        ; 18    ; Signed Integer                               ;
; out_pins       ; 8     ; Signed Integer                               ;
+----------------+-------+----------------------------------------------+
Note: In order to hide this table in the UI and the text report file, please set the "Show Parameter Settings in Synthesis Report" option in "Analysis and Synthesis Settings -> More Settings" to "Off".


+---------------------------------------------------------------------------------------+
; Parameter Settings for User Entity Instance: Scan_Chain:scan_instance|Scan_Reg:In_Reg ;
+----------------+-------+--------------------------------------------------------------+
; Parameter Name ; Value ; Type                                                         ;
+----------------+-------+--------------------------------------------------------------+
; length         ; 18    ; Signed Integer                                               ;
+----------------+-------+--------------------------------------------------------------+
Note: In order to hide this table in the UI and the text report file, please set the "Show Parameter Settings in Synthesis Report" option in "Analysis and Synthesis Settings -> More Settings" to "Off".


+----------------------------------------------------------------------------------------+
; Parameter Settings for User Entity Instance: Scan_Chain:scan_instance|Scan_Reg:Out_Reg ;
+----------------+-------+---------------------------------------------------------------+
; Parameter Name ; Value ; Type                                                          ;
+----------------+-------+---------------------------------------------------------------+
; length         ; 8     ; Signed Integer                                                ;
+----------------+-------+---------------------------------------------------------------+
Note: In order to hide this table in the UI and the text report file, please set the "Show Parameter Settings in Synthesis Report" option in "Analysis and Synthesis Settings -> More Settings" to "Off".


+----------------------------------------------------------------+
; Port Connectivity Checks: "alu:dut|Subtractor:d|eightbit:add1" ;
+------+-------+----------+--------------------------------------+
; Port ; Type  ; Severity ; Details                              ;
+------+-------+----------+--------------------------------------+
; cin  ; Input ; Info     ; Stuck at VCC                         ;
+------+-------+----------+--------------------------------------+


+----------------------------------------------------------------------------------------------------------------+
; Port Connectivity Checks: "alu:dut|Subtractor:d"                                                               ;
+------+--------+----------+-------------------------------------------------------------------------------------+
; Port ; Type   ; Severity ; Details                                                                             ;
+------+--------+----------+-------------------------------------------------------------------------------------+
; cout ; Output ; Info     ; Connected to dangling logic. Logic that only feeds a dangling port will be removed. ;
+------+--------+----------+-------------------------------------------------------------------------------------+


+--------------------------------------------------------------+
; Port Connectivity Checks: "alu:dut|shift_right:c|MUX:mux_11" ;
+------+-------+----------+------------------------------------+
; Port ; Type  ; Severity ; Details                            ;
+------+-------+----------+------------------------------------+
; a    ; Input ; Info     ; Stuck at GND                       ;
+------+-------+----------+------------------------------------+


+--------------------------------------------------------------+
; Port Connectivity Checks: "alu:dut|shift_right:c|MUX:mux_10" ;
+------+-------+----------+------------------------------------+
; Port ; Type  ; Severity ; Details                            ;
+------+-------+----------+------------------------------------+
; a    ; Input ; Info     ; Stuck at GND                       ;
+------+-------+----------+------------------------------------+


+-------------------------------------------------------------+
; Port Connectivity Checks: "alu:dut|shift_right:c|MUX:mux_9" ;
+------+-------+----------+-----------------------------------+
; Port ; Type  ; Severity ; Details                           ;
+------+-------+----------+-----------------------------------+
; a    ; Input ; Info     ; Stuck at GND                      ;
+------+-------+----------+-----------------------------------+


+-------------------------------------------------------------+
; Port Connectivity Checks: "alu:dut|shift_right:c|MUX:mux_8" ;
+------+-------+----------+-----------------------------------+
; Port ; Type  ; Severity ; Details                           ;
+------+-------+----------+-----------------------------------+
; a    ; Input ; Info     ; Stuck at GND                      ;
+------+-------+----------+-----------------------------------+


+-------------------------------------------------------------+
; Port Connectivity Checks: "alu:dut|shift_right:c|MUX:mux_7" ;
+------+-------+----------+-----------------------------------+
; Port ; Type  ; Severity ; Details                           ;
+------+-------+----------+-----------------------------------+
; a    ; Input ; Info     ; Stuck at GND                      ;
+------+-------+----------+-----------------------------------+


+-------------------------------------------------------------+
; Port Connectivity Checks: "alu:dut|shift_left:b|MUX:mux_11" ;
+------+-------+----------+-----------------------------------+
; Port ; Type  ; Severity ; Details                           ;
+------+-------+----------+-----------------------------------+
; a    ; Input ; Info     ; Stuck at GND                      ;
+------+-------+----------+-----------------------------------+


+-------------------------------------------------------------+
; Port Connectivity Checks: "alu:dut|shift_left:b|MUX:mux_10" ;
+------+-------+----------+-----------------------------------+
; Port ; Type  ; Severity ; Details                           ;
+------+-------+----------+-----------------------------------+
; a    ; Input ; Info     ; Stuck at GND                      ;
+------+-------+----------+-----------------------------------+


+------------------------------------------------------------+
; Port Connectivity Checks: "alu:dut|shift_left:b|MUX:mux_9" ;
+------+-------+----------+----------------------------------+
; Port ; Type  ; Severity ; Details                          ;
+------+-------+----------+----------------------------------+
; a    ; Input ; Info     ; Stuck at GND                     ;
+------+-------+----------+----------------------------------+


+------------------------------------------------------------+
; Port Connectivity Checks: "alu:dut|shift_left:b|MUX:mux_8" ;
+------+-------+----------+----------------------------------+
; Port ; Type  ; Severity ; Details                          ;
+------+-------+----------+----------------------------------+
; a    ; Input ; Info     ; Stuck at GND                     ;
+------+-------+----------+----------------------------------+


+------------------------------------------------------------+
; Port Connectivity Checks: "alu:dut|shift_left:b|MUX:mux_7" ;
+------+-------+----------+----------------------------------+
; Port ; Type  ; Severity ; Details                          ;
+------+-------+----------+----------------------------------+
; a    ; Input ; Info     ; Stuck at GND                     ;
+------+-------+----------+----------------------------------+


+----------------------------------------------------------------------------------------------------------------+
; Port Connectivity Checks: "alu:dut|eightbit:a"                                                                 ;
+------+--------+----------+-------------------------------------------------------------------------------------+
; Port ; Type   ; Severity ; Details                                                                             ;
+------+--------+----------+-------------------------------------------------------------------------------------+
; cin  ; Input  ; Info     ; Stuck at GND                                                                        ;
; cout ; Output ; Info     ; Connected to dangling logic. Logic that only feeds a dangling port will be removed. ;
+------+--------+----------+-------------------------------------------------------------------------------------+


+----------------------------------------------------------------------------------------------------------------+
; Port Connectivity Checks: "Scan_Chain:scan_instance|Scan_Reg:Out_Reg"                                          ;
+------+--------+----------+-------------------------------------------------------------------------------------+
; Port ; Type   ; Severity ; Details                                                                             ;
+------+--------+----------+-------------------------------------------------------------------------------------+
; po   ; Output ; Info     ; Connected to dangling logic. Logic that only feeds a dangling port will be removed. ;
+------+--------+----------+-------------------------------------------------------------------------------------+


+----------------------------------------------------------------------+
; Port Connectivity Checks: "Scan_Chain:scan_instance|Scan_Reg:In_Reg" ;
+------+-------+----------+--------------------------------------------+
; Port ; Type  ; Severity ; Details                                    ;
+------+-------+----------+--------------------------------------------+
; pi   ; Input ; Info     ; Stuck at GND                               ;
+------+-------+----------+--------------------------------------------+


+-------------------------------+
; Analysis & Synthesis Messages ;
+-------------------------------+
Info: *******************************************************************
Info: Running Quartus II 32-bit Analysis & Synthesis
    Info: Version 12.0 Build 178 05/31/2012 SJ Web Edition
    Info: Processing started: Thu Feb 15 17:34:30 2018
Info: Command: quartus_map --read_settings_files=on --write_settings_files=off alu -c alu
Warning (20028): Parallel compilation is not licensed and has been disabled
Info (12021): Found 2 design units, including 1 entities, in source file TopLevel.vhdl
    Info (12022): Found design unit 1: TopLevel-Struct
    Info (12023): Found entity 1: TopLevel
Info (12021): Found 2 design units, including 1 entities, in source file scan_chain.vhdl
    Info (12022): Found design unit 1: Scan_Chain-behave
    Info (12023): Found entity 1: Scan_Chain
Info (12021): Found 2 design units, including 1 entities, in source file scan_reg.vhdl
    Info (12022): Found design unit 1: Scan_Reg-behave
    Info (12023): Found entity 1: Scan_Reg
Info (12021): Found 2 design units, including 1 entities, in source file Testbench.vhd
    Info (12022): Found design unit 1: Testbench-Behave
    Info (12023): Found entity 1: Testbench
Info (12021): Found 2 design units, including 1 entities, in source file DUT.vhd
    Info (12022): Found design unit 1: DUT-DutWrap
    Info (12023): Found entity 1: DUT
Warning (12090): Entity "MUX" obtained from "alu.vhd" instead of from Quartus II megafunction library
Info (12021): Found 22 design units, including 11 entities, in source file alu.vhd
    Info (12022): Found design unit 1: shifter-behave
    Info (12022): Found design unit 2: MUX_bit-behave
    Info (12022): Found design unit 3: MUX-behave
    Info (12022): Found design unit 4: shift_left-behave
    Info (12022): Found design unit 5: shifter_R-behave
    Info (12022): Found design unit 6: shift_right-behave
    Info (12022): Found design unit 7: onebit_fulladder-behave
    Info (12022): Found design unit 8: inverter-behave
    Info (12022): Found design unit 9: eightbit-behave
    Info (12022): Found design unit 10: Subtractor-behave
    Info (12022): Found design unit 11: alu-behave
    Info (12023): Found entity 1: shifter
    Info (12023): Found entity 2: MUX_bit
    Info (12023): Found entity 3: MUX
    Info (12023): Found entity 4: shift_left
    Info (12023): Found entity 5: shifter_R
    Info (12023): Found entity 6: shift_right
    Info (12023): Found entity 7: onebit_fulladder
    Info (12023): Found entity 8: inverter
    Info (12023): Found entity 9: eightbit
    Info (12023): Found entity 10: Subtractor
    Info (12023): Found entity 11: alu
Info (12127): Elaborating entity "TopLevel" for the top level hierarchy
Info (12128): Elaborating entity "Scan_Chain" for hierarchy "Scan_Chain:scan_instance"
Warning (10036): Verilog HDL or VHDL warning at scan_chain.vhdl(46): object "unused" assigned a value but never read
Info (12128): Elaborating entity "Scan_Reg" for hierarchy "Scan_Chain:scan_instance|Scan_Reg:In_Reg"
Info (12128): Elaborating entity "Scan_Reg" for hierarchy "Scan_Chain:scan_instance|Scan_Reg:Out_Reg"
Info (12128): Elaborating entity "alu" for hierarchy "alu:dut"
Warning (10036): Verilog HDL or VHDL warning at alu.vhd(349): object "q" assigned a value but never read
Warning (10036): Verilog HDL or VHDL warning at alu.vhd(349): object "w" assigned a value but never read
Info (12128): Elaborating entity "eightbit" for hierarchy "alu:dut|eightbit:a"
Info (12128): Elaborating entity "onebit_fulladder" for hierarchy "alu:dut|eightbit:a|onebit_fulladder:x1"
Info (12128): Elaborating entity "shift_left" for hierarchy "alu:dut|shift_left:b"
Info (12128): Elaborating entity "shifter" for hierarchy "alu:dut|shift_left:b|shifter:shift_1"
Info (12128): Elaborating entity "MUX" for hierarchy "alu:dut|shift_left:b|MUX:mux_1"
Info (12128): Elaborating entity "MUX_bit" for hierarchy "alu:dut|shift_left:b|MUX:mux_1|MUX_bit:X1"
Info (12128): Elaborating entity "shift_right" for hierarchy "alu:dut|shift_right:c"
Info (12128): Elaborating entity "shifter_R" for hierarchy "alu:dut|shift_right:c|shifter_R:shift_1"
Info (12128): Elaborating entity "Subtractor" for hierarchy "alu:dut|Subtractor:d"
Info (12128): Elaborating entity "inverter" for hierarchy "alu:dut|Subtractor:d|inverter:inv"
Info (21057): Implemented 171 device resources after synthesis - the final resource count might be different
    Info (21058): Implemented 4 input pins
    Info (21059): Implemented 1 output pins
    Info (21061): Implemented 166 logic cells
Info: Quartus II 32-bit Analysis & Synthesis was successful. 0 errors, 5 warnings
    Info: Peak virtual memory: 355 megabytes
    Info: Processing ended: Thu Feb 15 17:34:33 2018
    Info: Elapsed time: 00:00:03
    Info: Total CPU time (on all processors): 00:00:03


