Analysis & Synthesis report for ReactionGame
Thu Apr  5 16:20:42 2018
Quartus Prime Version 16.1.0 Build 196 10/24/2016 SJ Lite Edition


---------------------
; Table of Contents ;
---------------------
  1. Legal Notice
  2. Analysis & Synthesis Summary
  3. Analysis & Synthesis Settings
  4. Parallel Compilation
  5. Analysis & Synthesis Source Files Read
  6. Analysis & Synthesis Resource Usage Summary
  7. Analysis & Synthesis Resource Utilization by Entity
  8. General Register Statistics
  9. Analysis & Synthesis Messages



----------------
; Legal Notice ;
----------------
Copyright (C) 2016  Intel Corporation. All rights reserved.
Your use of Intel Corporation's design tools, logic functions 
and other software and tools, and its AMPP partner logic 
functions, and any output files from any of the foregoing 
(including device programming or simulation files), and any 
associated documentation or information are expressly subject 
to the terms and conditions of the Intel Program License 
Subscription Agreement, the Intel Quartus Prime License Agreement,
the Intel MegaCore Function License Agreement, or other 
applicable license agreement, including, without limitation, 
that your use is for the sole purpose of programming logic 
devices manufactured by Intel and sold by Intel or its 
authorized distributors.  Please refer to the applicable 
agreement for further details.



+---------------------------------------------------------------------------+
; Analysis & Synthesis Summary                                              ;
+-----------------------------+---------------------------------------------+
; Analysis & Synthesis Status ; Successful - Thu Apr  5 16:20:42 2018       ;
; Quartus Prime Version       ; 16.1.0 Build 196 10/24/2016 SJ Lite Edition ;
; Revision Name               ; ReactionGame                                ;
; Top-level Entity Name       ; ElevenBitCounter                            ;
; Family                      ; MAX V                                       ;
; Total logic elements        ; 11                                          ;
; Total pins                  ; 13                                          ;
; Total virtual pins          ; 0                                           ;
; UFM blocks                  ; 0 / 1 ( 0 % )                               ;
+-----------------------------+---------------------------------------------+


+----------------------------------------------------------------------------------------------------------------------+
; Analysis & Synthesis Settings                                                                                        ;
+----------------------------------------------------------------------------+--------------------+--------------------+
; Option                                                                     ; Setting            ; Default Value      ;
+----------------------------------------------------------------------------+--------------------+--------------------+
; Device                                                                     ; 5M1270ZT144C5      ;                    ;
; Top-level entity name                                                      ; ElevenBitCounter   ; ReactionGame       ;
; Family name                                                                ; MAX V              ; Cyclone V          ;
; Use smart compilation                                                      ; Off                ; Off                ;
; Enable parallel Assembler and TimeQuest Timing Analyzer during compilation ; On                 ; On                 ;
; Enable compact report table                                                ; Off                ; Off                ;
; Restructure Multiplexers                                                   ; Auto               ; Auto               ;
; Create Debugging Nodes for IP Cores                                        ; Off                ; Off                ;
; Preserve fewer node names                                                  ; On                 ; On                 ;
; OpenCore Plus hardware evaluation                                          ; Enable             ; Enable             ;
; Verilog Version                                                            ; Verilog_2001       ; Verilog_2001       ;
; VHDL Version                                                               ; VHDL_1993          ; VHDL_1993          ;
; State Machine Processing                                                   ; Auto               ; Auto               ;
; Safe State Machine                                                         ; Off                ; Off                ;
; Extract Verilog State Machines                                             ; On                 ; On                 ;
; Extract VHDL State Machines                                                ; On                 ; On                 ;
; Ignore Verilog initial constructs                                          ; Off                ; Off                ;
; Iteration limit for constant Verilog loops                                 ; 5000               ; 5000               ;
; Iteration limit for non-constant Verilog loops                             ; 250                ; 250                ;
; Add Pass-Through Logic to Inferred RAMs                                    ; On                 ; On                 ;
; Infer RAMs from Raw Logic                                                  ; On                 ; On                 ;
; Parallel Synthesis                                                         ; On                 ; On                 ;
; NOT Gate Push-Back                                                         ; On                 ; On                 ;
; Power-Up Don't Care                                                        ; On                 ; On                 ;
; Remove Redundant Logic Cells                                               ; Off                ; Off                ;
; Remove Duplicate Registers                                                 ; On                 ; On                 ;
; Ignore CARRY Buffers                                                       ; Off                ; Off                ;
; Ignore CASCADE Buffers                                                     ; Off                ; Off                ;
; Ignore GLOBAL Buffers                                                      ; Off                ; Off                ;
; Ignore ROW GLOBAL Buffers                                                  ; Off                ; Off                ;
; Ignore LCELL Buffers                                                       ; Off                ; Off                ;
; Ignore SOFT Buffers                                                        ; On                 ; On                 ;
; Limit AHDL Integers to 32 Bits                                             ; Off                ; Off                ;
; Optimization Technique                                                     ; Balanced           ; Balanced           ;
; Carry Chain Length                                                         ; 70                 ; 70                 ;
; Auto Carry Chains                                                          ; On                 ; On                 ;
; Auto Open-Drain Pins                                                       ; On                 ; On                 ;
; Perform WYSIWYG Primitive Resynthesis                                      ; Off                ; Off                ;
; Auto Shift Register Replacement                                            ; Auto               ; Auto               ;
; Allow Shift Register Merging across Hierarchies                            ; Auto               ; Auto               ;
; Auto Clock Enable Replacement                                              ; On                 ; On                 ;
; Allow Synchronous Control Signals                                          ; On                 ; On                 ;
; Force Use of Synchronous Clear Signals                                     ; Off                ; Off                ;
; Auto Resource Sharing                                                      ; Off                ; Off                ;
; Use LogicLock Constraints during Resource Balancing                        ; On                 ; On                 ;
; Ignore translate_off and synthesis_off directives                          ; Off                ; Off                ;
; Report Parameter Settings                                                  ; On                 ; On                 ;
; Report Source Assignments                                                  ; On                 ; On                 ;
; Report Connectivity Checks                                                 ; On                 ; On                 ;
; Ignore Maximum Fan-Out Assignments                                         ; Off                ; Off                ;
; Synchronization Register Chain Length                                      ; 2                  ; 2                  ;
; PowerPlay Power Optimization During Synthesis                              ; Normal compilation ; Normal compilation ;
; HDL message level                                                          ; Level2             ; Level2             ;
; Suppress Register Optimization Related Messages                            ; Off                ; Off                ;
; Number of Removed Registers Reported in Synthesis Report                   ; 5000               ; 5000               ;
; Number of Swept Nodes Reported in Synthesis Report                         ; 5000               ; 5000               ;
; Number of Inverted Registers Reported in Synthesis Report                  ; 100                ; 100                ;
; Clock MUX Protection                                                       ; On                 ; On                 ;
; Block Design Naming                                                        ; Auto               ; Auto               ;
; Synthesis Effort                                                           ; Auto               ; Auto               ;
; Shift Register Replacement - Allow Asynchronous Clear Signal               ; On                 ; On                 ;
; Analysis & Synthesis Message Level                                         ; Medium             ; Medium             ;
; Disable Register Merging Across Hierarchies                                ; Auto               ; Auto               ;
+----------------------------------------------------------------------------+--------------------+--------------------+


+------------------------------------------+
; Parallel Compilation                     ;
+----------------------------+-------------+
; Processors                 ; Number      ;
+----------------------------+-------------+
; Number detected on machine ; 4           ;
; Maximum allowed            ; 2           ;
;                            ;             ;
; Average used               ; 1.00        ;
; Maximum used               ; 1           ;
;                            ;             ;
; Usage by Processor         ; % Time Used ;
;     Processor 1            ; 100.0%      ;
+----------------------------+-------------+


+---------------------------------------------------------------------------------------------------------------------------------------------------------------------+
; Analysis & Synthesis Source Files Read                                                                                                                              ;
+----------------------------------+-----------------+-----------------+------------------------------------------------------------------------------------+---------+
; File Name with User-Entered Path ; Used in Netlist ; File Type       ; File Name with Absolute Path                                                       ; Library ;
+----------------------------------+-----------------+-----------------+------------------------------------------------------------------------------------+---------+
; DFlipFlop1.vhd                   ; yes             ; User VHDL File  ; /home/jukebox/Desktop/Acads/SEM4/EE214/Projects/Reaction Game/DFlipFlop1.vhd       ;         ;
; ElevenBitCounter.vhd             ; yes             ; User VHDL File  ; /home/jukebox/Desktop/Acads/SEM4/EE214/Projects/Reaction Game/ElevenBitCounter.vhd ;         ;
+----------------------------------+-----------------+-----------------+------------------------------------------------------------------------------------+---------+


+-----------------------------------------------------+
; Analysis & Synthesis Resource Usage Summary         ;
+---------------------------------------------+-------+
; Resource                                    ; Usage ;
+---------------------------------------------+-------+
; Total logic elements                        ; 11    ;
;     -- Combinational with no register       ; 0     ;
;     -- Register only                        ; 0     ;
;     -- Combinational with a register        ; 11    ;
;                                             ;       ;
; Logic element usage by number of LUT inputs ;       ;
;     -- 4 input functions                    ; 0     ;
;     -- 3 input functions                    ; 0     ;
;     -- 2 input functions                    ; 0     ;
;     -- 1 input functions                    ; 11    ;
;     -- 0 input functions                    ; 0     ;
;                                             ;       ;
; Logic elements by mode                      ;       ;
;     -- normal mode                          ; 11    ;
;     -- arithmetic mode                      ; 0     ;
;     -- qfbk mode                            ; 0     ;
;     -- register cascade mode                ; 0     ;
;     -- synchronous clear/load mode          ; 0     ;
;     -- asynchronous clear/load mode         ; 11    ;
;                                             ;       ;
; Total registers                             ; 11    ;
; I/O pins                                    ; 13    ;
; Maximum fan-out node                        ; reset ;
; Maximum fan-out                             ; 11    ;
; Total fan-out                               ; 44    ;
; Average fan-out                             ; 1.83  ;
+---------------------------------------------+-------+


+--------------------------------------------------------------------------------------------------------------------------------------------------------------------------------------------------------------------------------------------------------+
; Analysis & Synthesis Resource Utilization by Entity                                                                                                                                                                                                    ;
+----------------------------+-------------+--------------+------------+------+--------------+--------------+-------------------+------------------+-----------------+------------+------------------------------------+------------------+--------------+
; Compilation Hierarchy Node ; Logic Cells ; LC Registers ; UFM Blocks ; Pins ; Virtual Pins ; LUT-Only LCs ; Register-Only LCs ; LUT/Register LCs ; Carry Chain LCs ; Packed LCs ; Full Hierarchy Name                ; Entity Name      ; Library Name ;
+----------------------------+-------------+--------------+------------+------+--------------+--------------+-------------------+------------------+-----------------+------------+------------------------------------+------------------+--------------+
; |ElevenBitCounter          ; 11 (0)      ; 11           ; 0          ; 13   ; 0            ; 0 (0)        ; 0 (0)             ; 11 (0)           ; 0 (0)           ; 0 (0)      ; |ElevenBitCounter                  ; ElevenBitCounter ; work         ;
;    |DFlipFlop1:dff10|      ; 1 (1)       ; 1            ; 0          ; 0    ; 0            ; 0 (0)        ; 0 (0)             ; 1 (1)            ; 0 (0)           ; 0 (0)      ; |ElevenBitCounter|DFlipFlop1:dff10 ; DFlipFlop1       ; work         ;
;    |DFlipFlop1:dff11|      ; 1 (1)       ; 1            ; 0          ; 0    ; 0            ; 0 (0)        ; 0 (0)             ; 1 (1)            ; 0 (0)           ; 0 (0)      ; |ElevenBitCounter|DFlipFlop1:dff11 ; DFlipFlop1       ; work         ;
;    |DFlipFlop1:dff1|       ; 1 (1)       ; 1            ; 0          ; 0    ; 0            ; 0 (0)        ; 0 (0)             ; 1 (1)            ; 0 (0)           ; 0 (0)      ; |ElevenBitCounter|DFlipFlop1:dff1  ; DFlipFlop1       ; work         ;
;    |DFlipFlop1:dff2|       ; 1 (1)       ; 1            ; 0          ; 0    ; 0            ; 0 (0)        ; 0 (0)             ; 1 (1)            ; 0 (0)           ; 0 (0)      ; |ElevenBitCounter|DFlipFlop1:dff2  ; DFlipFlop1       ; work         ;
;    |DFlipFlop1:dff3|       ; 1 (1)       ; 1            ; 0          ; 0    ; 0            ; 0 (0)        ; 0 (0)             ; 1 (1)            ; 0 (0)           ; 0 (0)      ; |ElevenBitCounter|DFlipFlop1:dff3  ; DFlipFlop1       ; work         ;
;    |DFlipFlop1:dff4|       ; 1 (1)       ; 1            ; 0          ; 0    ; 0            ; 0 (0)        ; 0 (0)             ; 1 (1)            ; 0 (0)           ; 0 (0)      ; |ElevenBitCounter|DFlipFlop1:dff4  ; DFlipFlop1       ; work         ;
;    |DFlipFlop1:dff5|       ; 1 (1)       ; 1            ; 0          ; 0    ; 0            ; 0 (0)        ; 0 (0)             ; 1 (1)            ; 0 (0)           ; 0 (0)      ; |ElevenBitCounter|DFlipFlop1:dff5  ; DFlipFlop1       ; work         ;
;    |DFlipFlop1:dff6|       ; 1 (1)       ; 1            ; 0          ; 0    ; 0            ; 0 (0)        ; 0 (0)             ; 1 (1)            ; 0 (0)           ; 0 (0)      ; |ElevenBitCounter|DFlipFlop1:dff6  ; DFlipFlop1       ; work         ;
;    |DFlipFlop1:dff7|       ; 1 (1)       ; 1            ; 0          ; 0    ; 0            ; 0 (0)        ; 0 (0)             ; 1 (1)            ; 0 (0)           ; 0 (0)      ; |ElevenBitCounter|DFlipFlop1:dff7  ; DFlipFlop1       ; work         ;
;    |DFlipFlop1:dff8|       ; 1 (1)       ; 1            ; 0          ; 0    ; 0            ; 0 (0)        ; 0 (0)             ; 1 (1)            ; 0 (0)           ; 0 (0)      ; |ElevenBitCounter|DFlipFlop1:dff8  ; DFlipFlop1       ; work         ;
;    |DFlipFlop1:dff9|       ; 1 (1)       ; 1            ; 0          ; 0    ; 0            ; 0 (0)        ; 0 (0)             ; 1 (1)            ; 0 (0)           ; 0 (0)      ; |ElevenBitCounter|DFlipFlop1:dff9  ; DFlipFlop1       ; work         ;
+----------------------------+-------------+--------------+------------+------+--------------+--------------+-------------------+------------------+-----------------+------------+------------------------------------+------------------+--------------+
Note: For table entries with two numbers listed, the numbers in parentheses indicate the number of resources of the given type used by the specific entity alone. The numbers listed outside of parentheses indicate the total resources of the given type used by the specific entity and all of its sub-entities in the hierarchy.


+------------------------------------------------------+
; General Register Statistics                          ;
+----------------------------------------------+-------+
; Statistic                                    ; Value ;
+----------------------------------------------+-------+
; Total registers                              ; 11    ;
; Number of registers using Synchronous Clear  ; 0     ;
; Number of registers using Synchronous Load   ; 0     ;
; Number of registers using Asynchronous Clear ; 11    ;
; Number of registers using Asynchronous Load  ; 0     ;
; Number of registers using Clock Enable       ; 0     ;
; Number of registers using Preset             ; 0     ;
+----------------------------------------------+-------+


+-------------------------------+
; Analysis & Synthesis Messages ;
+-------------------------------+
Info: *******************************************************************
Info: Running Quartus Prime Analysis & Synthesis
    Info: Version 16.1.0 Build 196 10/24/2016 SJ Lite Edition
    Info: Processing started: Thu Apr  5 16:20:29 2018
Info: Command: quartus_map --read_settings_files=on --write_settings_files=off ReactionGame -c ReactionGame
Warning (18236): Number of processors has not been specified which may cause overloading on shared machines.  Set the global assignment NUM_PARALLEL_PROCESSORS in your QSF to an appropriate value for best performance.
Info (20030): Parallel compilation is enabled and will use 2 of the 2 processors detected
Info (12021): Found 2 design units, including 1 entities, in source file GenClock.vhd
    Info (12022): Found design unit 1: GenClock-Behave File: /home/jukebox/Desktop/Acads/SEM4/EE214/Projects/Reaction Game/GenClock.vhd Line: 13
    Info (12023): Found entity 1: GenClock File: /home/jukebox/Desktop/Acads/SEM4/EE214/Projects/Reaction Game/GenClock.vhd Line: 5
Info (12021): Found 2 design units, including 1 entities, in source file TwoCounter.vhd
    Info (12022): Found design unit 1: TwoCounter-Behave File: /home/jukebox/Desktop/Acads/SEM4/EE214/Projects/Reaction Game/TwoCounter.vhd Line: 13
    Info (12023): Found entity 1: TwoCounter File: /home/jukebox/Desktop/Acads/SEM4/EE214/Projects/Reaction Game/TwoCounter.vhd Line: 5
Info (12021): Found 2 design units, including 1 entities, in source file FiveCounter.vhd
    Info (12022): Found design unit 1: FiveCounter-Behave File: /home/jukebox/Desktop/Acads/SEM4/EE214/Projects/Reaction Game/FiveCounter.vhd Line: 13
    Info (12023): Found entity 1: FiveCounter File: /home/jukebox/Desktop/Acads/SEM4/EE214/Projects/Reaction Game/FiveCounter.vhd Line: 5
Info (12021): Found 2 design units, including 1 entities, in source file DFlipFlop1.vhd
    Info (12022): Found design unit 1: DFlipFlop1-WhatDoYouCare File: /home/jukebox/Desktop/Acads/SEM4/EE214/Projects/Reaction Game/DFlipFlop1.vhd Line: 15
    Info (12023): Found entity 1: DFlipFlop1 File: /home/jukebox/Desktop/Acads/SEM4/EE214/Projects/Reaction Game/DFlipFlop1.vhd Line: 11
Info (12021): Found 2 design units, including 1 entities, in source file Debouncer.vhd
    Info (12022): Found design unit 1: Debouncer-behave File: /home/jukebox/Desktop/Acads/SEM4/EE214/Projects/Reaction Game/Debouncer.vhd Line: 11
    Info (12023): Found entity 1: Debouncer File: /home/jukebox/Desktop/Acads/SEM4/EE214/Projects/Reaction Game/Debouncer.vhd Line: 4
Info (12021): Found 2 design units, including 1 entities, in source file TenCounter.vhd
    Info (12022): Found design unit 1: TenCounter-Behave File: /home/jukebox/Desktop/Acads/SEM4/EE214/Projects/Reaction Game/TenCounter.vhd Line: 13
    Info (12023): Found entity 1: TenCounter File: /home/jukebox/Desktop/Acads/SEM4/EE214/Projects/Reaction Game/TenCounter.vhd Line: 5
Info (12021): Found 2 design units, including 1 entities, in source file TotalDelayCounter.vhd
    Info (12022): Found design unit 1: TotalDelayCounter-behave File: /home/jukebox/Desktop/Acads/SEM4/EE214/Projects/Reaction Game/TotalDelayCounter.vhd Line: 13
    Info (12023): Found entity 1: TotalDelayCounter File: /home/jukebox/Desktop/Acads/SEM4/EE214/Projects/Reaction Game/TotalDelayCounter.vhd Line: 5
Info (12021): Found 2 design units, including 1 entities, in source file ElevenBitCounter.vhd
    Info (12022): Found design unit 1: ElevenBitCounter-Behave File: /home/jukebox/Desktop/Acads/SEM4/EE214/Projects/Reaction Game/ElevenBitCounter.vhd Line: 13
    Info (12023): Found entity 1: ElevenBitCounter File: /home/jukebox/Desktop/Acads/SEM4/EE214/Projects/Reaction Game/ElevenBitCounter.vhd Line: 5
Info (12127): Elaborating entity "ElevenBitCounter" for the top level hierarchy
Info (12128): Elaborating entity "DFlipFlop1" for hierarchy "DFlipFlop1:dff1" File: /home/jukebox/Desktop/Acads/SEM4/EE214/Projects/Reaction Game/ElevenBitCounter.vhd Line: 31
Warning (10492): VHDL Process Statement warning at DFlipFlop1.vhd(20): signal "reset" is read inside the Process Statement but isn't in the Process Statement's sensitivity list File: /home/jukebox/Desktop/Acads/SEM4/EE214/Projects/Reaction Game/DFlipFlop1.vhd Line: 20
Info (21057): Implemented 24 device resources after synthesis - the final resource count might be different
    Info (21058): Implemented 2 input pins
    Info (21059): Implemented 11 output pins
    Info (21061): Implemented 11 logic cells
Info: Quartus Prime Analysis & Synthesis was successful. 0 errors, 2 warnings
    Info: Peak virtual memory: 932 megabytes
    Info: Processing ended: Thu Apr  5 16:20:42 2018
    Info: Elapsed time: 00:00:13
    Info: Total CPU time (on all processors): 00:00:29


